Started GET "/" for 127.0.0.1 at 2025-05-12 18:04:22 -0500
  [1m[35m (1.5ms)[0m  [1m[35mCREATE TABLE "schema_migrations" ("version" varchar NOT NULL PRIMARY KEY) /*application='ProjecttwoShoppingcart'*/[0m
  [1m[35m (0.3ms)[0m  [1m[35mCREATE TABLE "ar_internal_metadata" ("key" varchar NOT NULL PRIMARY KEY, "value" varchar, "created_at" datetime(6) NOT NULL, "updated_at" datetime(6) NOT NULL) /*application='ProjecttwoShoppingcart'*/[0m
  [1m[36mActiveRecord::SchemaMigration Load (0.1ms)[0m  [1m[34mSELECT "schema_migrations"."version" FROM "schema_migrations" ORDER BY "schema_migrations"."version" ASC /*application='ProjecttwoShoppingcart'*/[0m
Processing by Rails::WelcomeController#index as HTML
  Rendering /Users/quinno/.local/share/mise/installs/ruby/3.4.1/lib/ruby/gems/3.4.0/gems/railties-8.0.1/lib/rails/templates/rails/welcome/index.html.erb
  Rendered /Users/quinno/.local/share/mise/installs/ruby/3.4.1/lib/ruby/gems/3.4.0/gems/railties-8.0.1/lib/rails/templates/rails/welcome/index.html.erb (Duration: 2.9ms | GC: 1.9ms)
Completed 200 OK in 335ms (Views: 19.0ms | ActiveRecord: 0.0ms (0 queries, 0 cached) | GC: 6.4ms)


Started GET "/" for 127.0.0.1 at 2025-05-13 14:39:24 -0500
  [1m[36mActiveRecord::SchemaMigration Load (0.5ms)[0m  [1m[34mSELECT "schema_migrations"."version" FROM "schema_migrations" ORDER BY "schema_migrations"."version" ASC /*application='ProjecttwoShoppingcart'*/[0m
Processing by Rails::WelcomeController#index as HTML
  Rendering /Users/quinno/.local/share/mise/installs/ruby/3.4.1/lib/ruby/gems/3.4.0/gems/railties-8.0.1/lib/rails/templates/rails/welcome/index.html.erb
  Rendered /Users/quinno/.local/share/mise/installs/ruby/3.4.1/lib/ruby/gems/3.4.0/gems/railties-8.0.1/lib/rails/templates/rails/welcome/index.html.erb (Duration: 1.1ms | GC: 0.0ms)
Completed 200 OK in 290ms (Views: 16.1ms | ActiveRecord: 0.0ms (0 queries, 0 cached) | GC: 0.0ms)


Started GET "/" for 127.0.0.1 at 2025-05-13 14:39:26 -0500
Processing by Rails::WelcomeController#index as HTML
  Rendering /Users/quinno/.local/share/mise/installs/ruby/3.4.1/lib/ruby/gems/3.4.0/gems/railties-8.0.1/lib/rails/templates/rails/welcome/index.html.erb
  Rendered /Users/quinno/.local/share/mise/installs/ruby/3.4.1/lib/ruby/gems/3.4.0/gems/railties-8.0.1/lib/rails/templates/rails/welcome/index.html.erb (Duration: 0.2ms | GC: 0.0ms)
Completed 200 OK in 126ms (Views: 1.5ms | ActiveRecord: 0.0ms (0 queries, 0 cached) | GC: 0.0ms)


Started GET "/" for 127.0.0.1 at 2025-05-13 14:39:28 -0500
Processing by Rails::WelcomeController#index as HTML
  Rendering /Users/quinno/.local/share/mise/installs/ruby/3.4.1/lib/ruby/gems/3.4.0/gems/railties-8.0.1/lib/rails/templates/rails/welcome/index.html.erb
  Rendered /Users/quinno/.local/share/mise/installs/ruby/3.4.1/lib/ruby/gems/3.4.0/gems/railties-8.0.1/lib/rails/templates/rails/welcome/index.html.erb (Duration: 0.2ms | GC: 0.0ms)
Completed 200 OK in 168ms (Views: 0.6ms | ActiveRecord: 0.0ms (0 queries, 0 cached) | GC: 0.0ms)


Started GET "/app" for 127.0.0.1 at 2025-05-13 14:39:28 -0500
  
ActionController::RoutingError (No route matches [GET] "/app"):
  
Started GET "/favicon.ico" for 127.0.0.1 at 2025-05-13 14:39:29 -0500
  
ActionController::RoutingError (No route matches [GET] "/favicon.ico"):
  
Started GET "/" for 127.0.0.1 at 2025-05-13 14:39:35 -0500
Processing by Rails::WelcomeController#index as HTML
  Rendering /Users/quinno/.local/share/mise/installs/ruby/3.4.1/lib/ruby/gems/3.4.0/gems/railties-8.0.1/lib/rails/templates/rails/welcome/index.html.erb
  Rendered /Users/quinno/.local/share/mise/installs/ruby/3.4.1/lib/ruby/gems/3.4.0/gems/railties-8.0.1/lib/rails/templates/rails/welcome/index.html.erb (Duration: 0.2ms | GC: 0.0ms)
Completed 200 OK in 144ms (Views: 0.9ms | ActiveRecord: 0.0ms (0 queries, 0 cached) | GC: 0.0ms)


Started GET "/" for 127.0.0.1 at 2025-05-13 14:59:19 -0500
  [1m[36mActiveRecord::SchemaMigration Load (3.0ms)[0m  [1m[34mSELECT "schema_migrations"."version" FROM "schema_migrations" ORDER BY "schema_migrations"."version" ASC /*application='ProjecttwoShoppingcart'*/[0m
Processing by Rails::WelcomeController#index as HTML
  Rendering /Users/quinno/.local/share/mise/installs/ruby/3.4.1/lib/ruby/gems/3.4.0/gems/railties-8.0.1/lib/rails/templates/rails/welcome/index.html.erb
  Rendered /Users/quinno/.local/share/mise/installs/ruby/3.4.1/lib/ruby/gems/3.4.0/gems/railties-8.0.1/lib/rails/templates/rails/welcome/index.html.erb (Duration: 1.3ms | GC: 0.0ms)
Completed 200 OK in 286ms (Views: 17.3ms | ActiveRecord: 0.0ms (0 queries, 0 cached) | GC: 0.0ms)


Started GET "/shops" for 127.0.0.1 at 2025-05-13 14:59:22 -0500
  
ActionController::RoutingError (uninitialized constant SitesController)
Caused by: ActionDispatch::MissingController (uninitialized constant SitesController)
Caused by: NameError (uninitialized constant SitesController)

Information for: ActionController::RoutingError (uninitialized constant SitesController):
  

Information for cause: ActionDispatch::MissingController (uninitialized constant SitesController):
  
actionpack (8.0.1) lib/action_dispatch/http/request.rb:102:in 'ActionDispatch::Request#controller_class_for'
actionpack (8.0.1) lib/action_dispatch/http/request.rb:91:in 'ActionDispatch::Request#controller_class'
actionpack (8.0.1) lib/action_dispatch/routing/route_set.rb:61:in 'ActionDispatch::Routing::RouteSet::Dispatcher#controller'
actionpack (8.0.1) lib/action_dispatch/routing/route_set.rb:48:in 'ActionDispatch::Routing::RouteSet::Dispatcher#serve'
actionpack (8.0.1) lib/action_dispatch/journey/router.rb:53:in 'block in ActionDispatch::Journey::Router#serve'
actionpack (8.0.1) lib/action_dispatch/journey/router.rb:133:in 'block in ActionDispatch::Journey::Router#find_routes'
actionpack (8.0.1) lib/action_dispatch/journey/router.rb:126:in 'Array#each'
actionpack (8.0.1) lib/action_dispatch/journey/router.rb:126:in 'ActionDispatch::Journey::Router#find_routes'
actionpack (8.0.1) lib/action_dispatch/journey/router.rb:34:in 'ActionDispatch::Journey::Router#serve'
actionpack (8.0.1) lib/action_dispatch/routing/route_set.rb:908:in 'ActionDispatch::Routing::RouteSet#call'
railties (8.0.1) lib/rails/engine/lazy_route_set.rb:68:in 'Rails::Engine::LazyRouteSet#call'
rack (3.1.10) lib/rack/tempfile_reaper.rb:20:in 'Rack::TempfileReaper#call'
rack (3.1.10) lib/rack/etag.rb:29:in 'Rack::ETag#call'
rack (3.1.10) lib/rack/conditional_get.rb:31:in 'Rack::ConditionalGet#call'
rack (3.1.10) lib/rack/head.rb:15:in 'Rack::Head#call'
actionpack (8.0.1) lib/action_dispatch/http/permissions_policy.rb:38:in 'ActionDispatch::PermissionsPolicy::Middleware#call'
actionpack (8.0.1) lib/action_dispatch/http/content_security_policy.rb:38:in 'ActionDispatch::ContentSecurityPolicy::Middleware#call'
rack-session (2.1.0) lib/rack/session/abstract/id.rb:274:in 'Rack::Session::Abstract::Persisted#context'
rack-session (2.1.0) lib/rack/session/abstract/id.rb:268:in 'Rack::Session::Abstract::Persisted#call'
actionpack (8.0.1) lib/action_dispatch/middleware/cookies.rb:706:in 'ActionDispatch::Cookies#call'
activerecord (8.0.1) lib/active_record/migration.rb:671:in 'ActiveRecord::Migration::CheckPending#call'
actionpack (8.0.1) lib/action_dispatch/middleware/callbacks.rb:31:in 'block in ActionDispatch::Callbacks#call'
activesupport (8.0.1) lib/active_support/callbacks.rb:100:in 'ActiveSupport::Callbacks#run_callbacks'
actionpack (8.0.1) lib/action_dispatch/middleware/callbacks.rb:30:in 'ActionDispatch::Callbacks#call'
actionpack (8.0.1) lib/action_dispatch/middleware/executor.rb:16:in 'ActionDispatch::Executor#call'
actionpack (8.0.1) lib/action_dispatch/middleware/actionable_exceptions.rb:18:in 'ActionDispatch::ActionableExceptions#call'
actionpack (8.0.1) lib/action_dispatch/middleware/debug_exceptions.rb:31:in 'ActionDispatch::DebugExceptions#call'
web-console (4.2.1) lib/web_console/middleware.rb:132:in 'WebConsole::Middleware#call_app'
web-console (4.2.1) lib/web_console/middleware.rb:28:in 'block in WebConsole::Middleware#call'
web-console (4.2.1) lib/web_console/middleware.rb:17:in 'Kernel#catch'
web-console (4.2.1) lib/web_console/middleware.rb:17:in 'WebConsole::Middleware#call'
actionpack (8.0.1) lib/action_dispatch/middleware/show_exceptions.rb:32:in 'ActionDispatch::ShowExceptions#call'
railties (8.0.1) lib/rails/rack/logger.rb:41:in 'Rails::Rack::Logger#call_app'
railties (8.0.1) lib/rails/rack/logger.rb:29:in 'Rails::Rack::Logger#call'
actionpack (8.0.1) lib/action_dispatch/middleware/remote_ip.rb:96:in 'ActionDispatch::RemoteIp#call'
actionpack (8.0.1) lib/action_dispatch/middleware/request_id.rb:34:in 'ActionDispatch::RequestId#call'
rack (3.1.10) lib/rack/method_override.rb:28:in 'Rack::MethodOverride#call'
rack (3.1.10) lib/rack/runtime.rb:24:in 'Rack::Runtime#call'
actionpack (8.0.1) lib/action_dispatch/middleware/server_timing.rb:61:in 'block in ActionDispatch::ServerTiming#call'
actionpack (8.0.1) lib/action_dispatch/middleware/server_timing.rb:26:in 'ActionDispatch::ServerTiming::Subscriber#collect_events'
actionpack (8.0.1) lib/action_dispatch/middleware/server_timing.rb:60:in 'ActionDispatch::ServerTiming#call'
actionpack (8.0.1) lib/action_dispatch/middleware/executor.rb:16:in 'ActionDispatch::Executor#call'
actionpack (8.0.1) lib/action_dispatch/middleware/static.rb:27:in 'ActionDispatch::Static#call'
rack (3.1.10) lib/rack/sendfile.rb:114:in 'Rack::Sendfile#call'
actionpack (8.0.1) lib/action_dispatch/middleware/host_authorization.rb:143:in 'ActionDispatch::HostAuthorization#call'
railties (8.0.1) lib/rails/engine.rb:535:in 'Rails::Engine#call'
puma (6.6.0) lib/puma/configuration.rb:279:in 'Puma::Configuration::ConfigMiddleware#call'
puma (6.6.0) lib/puma/request.rb:99:in 'block in Puma::Request#handle_request'
puma (6.6.0) lib/puma/thread_pool.rb:390:in 'Puma::ThreadPool#with_force_shutdown'
puma (6.6.0) lib/puma/request.rb:98:in 'Puma::Request#handle_request'
puma (6.6.0) lib/puma/server.rb:472:in 'Puma::Server#process_client'
puma (6.6.0) lib/puma/server.rb:254:in 'block in Puma::Server#run'
puma (6.6.0) lib/puma/thread_pool.rb:167:in 'block in Puma::ThreadPool#spawn_thread'

Information for cause: NameError (uninitialized constant SitesController):
  
activesupport (8.0.1) lib/active_support/inflector/methods.rb:290:in 'ActiveSupport::Inflector#constantize'
activesupport (8.0.1) lib/active_support/core_ext/string/inflections.rb:74:in 'String#constantize'
actionpack (8.0.1) lib/action_dispatch/http/request.rb:99:in 'ActionDispatch::Request#controller_class_for'
actionpack (8.0.1) lib/action_dispatch/http/request.rb:91:in 'ActionDispatch::Request#controller_class'
actionpack (8.0.1) lib/action_dispatch/routing/route_set.rb:61:in 'ActionDispatch::Routing::RouteSet::Dispatcher#controller'
actionpack (8.0.1) lib/action_dispatch/routing/route_set.rb:48:in 'ActionDispatch::Routing::RouteSet::Dispatcher#serve'
actionpack (8.0.1) lib/action_dispatch/journey/router.rb:53:in 'block in ActionDispatch::Journey::Router#serve'
actionpack (8.0.1) lib/action_dispatch/journey/router.rb:133:in 'block in ActionDispatch::Journey::Router#find_routes'
actionpack (8.0.1) lib/action_dispatch/journey/router.rb:126:in 'Array#each'
actionpack (8.0.1) lib/action_dispatch/journey/router.rb:126:in 'ActionDispatch::Journey::Router#find_routes'
actionpack (8.0.1) lib/action_dispatch/journey/router.rb:34:in 'ActionDispatch::Journey::Router#serve'
actionpack (8.0.1) lib/action_dispatch/routing/route_set.rb:908:in 'ActionDispatch::Routing::RouteSet#call'
railties (8.0.1) lib/rails/engine/lazy_route_set.rb:68:in 'Rails::Engine::LazyRouteSet#call'
rack (3.1.10) lib/rack/tempfile_reaper.rb:20:in 'Rack::TempfileReaper#call'
rack (3.1.10) lib/rack/etag.rb:29:in 'Rack::ETag#call'
rack (3.1.10) lib/rack/conditional_get.rb:31:in 'Rack::ConditionalGet#call'
rack (3.1.10) lib/rack/head.rb:15:in 'Rack::Head#call'
actionpack (8.0.1) lib/action_dispatch/http/permissions_policy.rb:38:in 'ActionDispatch::PermissionsPolicy::Middleware#call'
actionpack (8.0.1) lib/action_dispatch/http/content_security_policy.rb:38:in 'ActionDispatch::ContentSecurityPolicy::Middleware#call'
rack-session (2.1.0) lib/rack/session/abstract/id.rb:274:in 'Rack::Session::Abstract::Persisted#context'
rack-session (2.1.0) lib/rack/session/abstract/id.rb:268:in 'Rack::Session::Abstract::Persisted#call'
actionpack (8.0.1) lib/action_dispatch/middleware/cookies.rb:706:in 'ActionDispatch::Cookies#call'
activerecord (8.0.1) lib/active_record/migration.rb:671:in 'ActiveRecord::Migration::CheckPending#call'
actionpack (8.0.1) lib/action_dispatch/middleware/callbacks.rb:31:in 'block in ActionDispatch::Callbacks#call'
activesupport (8.0.1) lib/active_support/callbacks.rb:100:in 'ActiveSupport::Callbacks#run_callbacks'
actionpack (8.0.1) lib/action_dispatch/middleware/callbacks.rb:30:in 'ActionDispatch::Callbacks#call'
actionpack (8.0.1) lib/action_dispatch/middleware/executor.rb:16:in 'ActionDispatch::Executor#call'
actionpack (8.0.1) lib/action_dispatch/middleware/actionable_exceptions.rb:18:in 'ActionDispatch::ActionableExceptions#call'
actionpack (8.0.1) lib/action_dispatch/middleware/debug_exceptions.rb:31:in 'ActionDispatch::DebugExceptions#call'
web-console (4.2.1) lib/web_console/middleware.rb:132:in 'WebConsole::Middleware#call_app'
web-console (4.2.1) lib/web_console/middleware.rb:28:in 'block in WebConsole::Middleware#call'
web-console (4.2.1) lib/web_console/middleware.rb:17:in 'Kernel#catch'
web-console (4.2.1) lib/web_console/middleware.rb:17:in 'WebConsole::Middleware#call'
actionpack (8.0.1) lib/action_dispatch/middleware/show_exceptions.rb:32:in 'ActionDispatch::ShowExceptions#call'
railties (8.0.1) lib/rails/rack/logger.rb:41:in 'Rails::Rack::Logger#call_app'
railties (8.0.1) lib/rails/rack/logger.rb:29:in 'Rails::Rack::Logger#call'
actionpack (8.0.1) lib/action_dispatch/middleware/remote_ip.rb:96:in 'ActionDispatch::RemoteIp#call'
actionpack (8.0.1) lib/action_dispatch/middleware/request_id.rb:34:in 'ActionDispatch::RequestId#call'
rack (3.1.10) lib/rack/method_override.rb:28:in 'Rack::MethodOverride#call'
rack (3.1.10) lib/rack/runtime.rb:24:in 'Rack::Runtime#call'
actionpack (8.0.1) lib/action_dispatch/middleware/server_timing.rb:61:in 'block in ActionDispatch::ServerTiming#call'
actionpack (8.0.1) lib/action_dispatch/middleware/server_timing.rb:26:in 'ActionDispatch::ServerTiming::Subscriber#collect_events'
actionpack (8.0.1) lib/action_dispatch/middleware/server_timing.rb:60:in 'ActionDispatch::ServerTiming#call'
actionpack (8.0.1) lib/action_dispatch/middleware/executor.rb:16:in 'ActionDispatch::Executor#call'
actionpack (8.0.1) lib/action_dispatch/middleware/static.rb:27:in 'ActionDispatch::Static#call'
rack (3.1.10) lib/rack/sendfile.rb:114:in 'Rack::Sendfile#call'
actionpack (8.0.1) lib/action_dispatch/middleware/host_authorization.rb:143:in 'ActionDispatch::HostAuthorization#call'
railties (8.0.1) lib/rails/engine.rb:535:in 'Rails::Engine#call'
puma (6.6.0) lib/puma/configuration.rb:279:in 'Puma::Configuration::ConfigMiddleware#call'
puma (6.6.0) lib/puma/request.rb:99:in 'block in Puma::Request#handle_request'
puma (6.6.0) lib/puma/thread_pool.rb:390:in 'Puma::ThreadPool#with_force_shutdown'
puma (6.6.0) lib/puma/request.rb:98:in 'Puma::Request#handle_request'
puma (6.6.0) lib/puma/server.rb:472:in 'Puma::Server#process_client'
puma (6.6.0) lib/puma/server.rb:254:in 'block in Puma::Server#run'
puma (6.6.0) lib/puma/thread_pool.rb:167:in 'block in Puma::ThreadPool#spawn_thread'
Started GET "/shops" for 127.0.0.1 at 2025-05-13 15:00:07 -0500
  [1m[36mActiveRecord::SchemaMigration Load (0.2ms)[0m  [1m[34mSELECT "schema_migrations"."version" FROM "schema_migrations" ORDER BY "schema_migrations"."version" ASC /*application='ProjecttwoShoppingcart'*/[0m
Processing by ShopsController#index as HTML
  [1m[36mShop Load (6.0ms)[0m  [1m[34mSELECT "shops".* FROM "shops" /*action='index',application='ProjecttwoShoppingcart',controller='shops'*/[0m
  â†³ app/controllers/shops_controller.rb:10:in 'ShopsController#index'
Completed 500 Internal Server Error in 395ms (ActiveRecord: 6.3ms (1 query, 0 cached) | GC: 0.0ms)


  
ActiveRecord::StatementInvalid (SQLite3::SQLException: no such table: shops:
SELECT "shops".* FROM "shops" /*action='index',application='ProjecttwoShoppingcart',controller='shops'*/)
Caused by: SQLite3::SQLException (no such table: shops:
SELECT "shops".* FROM "shops" /*action='index',application='ProjecttwoShoppingcart',controller='shops'*/)

Information for: ActiveRecord::StatementInvalid (SQLite3::SQLException: no such table: shops:
SELECT "shops".* FROM "shops" /*action='index',application='ProjecttwoShoppingcart',controller='shops'*/):
  

Information for cause: SQLite3::SQLException (no such table: shops:
SELECT "shops".* FROM "shops" /*action='index',application='ProjecttwoShoppingcart',controller='shops'*/):
  
app/controllers/shops_controller.rb:10:in 'ShopsController#index'
Started GET "/" for 127.0.0.1 at 2025-05-13 15:17:25 -0500
  [1m[36mActiveRecord::SchemaMigration Load (3.0ms)[0m  [1m[34mSELECT "schema_migrations"."version" FROM "schema_migrations" ORDER BY "schema_migrations"."version" ASC /*application='ProjecttwoShoppingcart'*/[0m
Processing by Rails::WelcomeController#index as HTML
  Rendering /Users/quinno/.local/share/mise/installs/ruby/3.4.1/lib/ruby/gems/3.4.0/gems/railties-8.0.1/lib/rails/templates/rails/welcome/index.html.erb
  Rendered /Users/quinno/.local/share/mise/installs/ruby/3.4.1/lib/ruby/gems/3.4.0/gems/railties-8.0.1/lib/rails/templates/rails/welcome/index.html.erb (Duration: 0.9ms | GC: 0.0ms)
Completed 200 OK in 278ms (Views: 17.4ms | ActiveRecord: 0.0ms (0 queries, 0 cached) | GC: 0.0ms)


Started GET "/shops" for 127.0.0.1 at 2025-05-13 15:17:28 -0500
Processing by ShopsController#index as HTML
  [1m[36mShop Load (4.0ms)[0m  [1m[34mSELECT "shops".* FROM "shops" /*action='index',application='ProjecttwoShoppingcart',controller='shops'*/[0m
  â†³ app/controllers/shops_controller.rb:10:in 'ShopsController#index'
Completed 500 Internal Server Error in 307ms (ActiveRecord: 4.0ms (1 query, 0 cached) | GC: 0.0ms)


  
ActiveRecord::StatementInvalid (SQLite3::SQLException: no such table: shops:
SELECT "shops".* FROM "shops" /*action='index',application='ProjecttwoShoppingcart',controller='shops'*/)
Caused by: SQLite3::SQLException (no such table: shops:
SELECT "shops".* FROM "shops" /*action='index',application='ProjecttwoShoppingcart',controller='shops'*/)

Information for: ActiveRecord::StatementInvalid (SQLite3::SQLException: no such table: shops:
SELECT "shops".* FROM "shops" /*action='index',application='ProjecttwoShoppingcart',controller='shops'*/):
  

Information for cause: SQLite3::SQLException (no such table: shops:
SELECT "shops".* FROM "shops" /*action='index',application='ProjecttwoShoppingcart',controller='shops'*/):
  
app/controllers/shops_controller.rb:10:in 'ShopsController#index'
Started GET "/shops/001/new" for 127.0.0.1 at 2025-05-13 15:17:45 -0500
  
ActionController::RoutingError (No route matches [GET] "/shops/001/new"):
  
Started POST "/shops/001/new" for 127.0.0.1 at 2025-05-13 15:20:40 -0500
Processing by ShopsController#create as */*
  Parameters: {"id" => "001"}
Completed 500 Internal Server Error in 139ms (ActiveRecord: 0.1ms (0 queries, 0 cached) | GC: 3.5ms)


  
ActiveRecord::StatementInvalid (Could not find table 'shops'):
  
app/controllers/shops_controller.rb:46:in 'ShopsController#create'
  [1m[36mActiveRecord::InternalMetadata Load (2.7ms)[0m  [1m[34mSELECT * FROM "ar_internal_metadata" WHERE "ar_internal_metadata"."key" = 'environment' ORDER BY "ar_internal_metadata"."key" ASC LIMIT 1 /*application='ProjecttwoShoppingcart'*/[0m
  [1m[36mActiveRecord::InternalMetadata Create (2.6ms)[0m  [1m[32mINSERT INTO "ar_internal_metadata" ("key", "value", "created_at", "updated_at") VALUES ('environment', 'development', '2025-05-13 20:24:38.858035', '2025-05-13 20:24:38.858039') RETURNING "key" /*application='ProjecttwoShoppingcart'*/[0m
  [1m[36mActiveRecord::SchemaMigration Load (0.1ms)[0m  [1m[34mSELECT "schema_migrations"."version" FROM "schema_migrations" ORDER BY "schema_migrations"."version" ASC /*application='ProjecttwoShoppingcart'*/[0m
Migrating to CreateShops (20250513202412)
  [1m[36mTRANSACTION (0.1ms)[0m  [1m[35mBEGIN immediate TRANSACTION /*application='ProjecttwoShoppingcart'*/[0m
  [1m[35m (2.4ms)[0m  [1m[35mCREATE TABLE "shops" ("id" integer PRIMARY KEY AUTOINCREMENT NOT NULL, "name" varchar, "location" varchar, "created_at" datetime(6) NOT NULL, "updated_at" datetime(6) NOT NULL) /*application='ProjecttwoShoppingcart'*/[0m
  [1m[36mActiveRecord::SchemaMigration Create (2.3ms)[0m  [1m[32mINSERT INTO "schema_migrations" ("version") VALUES ('20250513202412') RETURNING "version" /*application='ProjecttwoShoppingcart'*/[0m
  [1m[36mTRANSACTION (0.3ms)[0m  [1m[35mCOMMIT TRANSACTION /*application='ProjecttwoShoppingcart'*/[0m
  [1m[36mActiveRecord::SchemaMigration Load (0.1ms)[0m  [1m[34mSELECT "schema_migrations"."version" FROM "schema_migrations" ORDER BY "schema_migrations"."version" ASC /*application='ProjecttwoShoppingcart'*/[0m
Started POST "/shops/001/new" for 127.0.0.1 at 2025-05-13 15:24:57 -0500
  [1m[36mActiveRecord::SchemaMigration Load (3.1ms)[0m  [1m[34mSELECT "schema_migrations"."version" FROM "schema_migrations" ORDER BY "schema_migrations"."version" ASC /*application='ProjecttwoShoppingcart'*/[0m
Processing by ShopsController#create as */*
  Parameters: {"id" => "001"}
  [1m[36mShop Load (2.2ms)[0m  [1m[34mSELECT "shops".* FROM "shops" WHERE "shops"."identifier" = '001' LIMIT 1 /*action='create',application='ProjecttwoShoppingcart',controller='shops'*/[0m
  â†³ app/controllers/shops_controller.rb:46:in 'ShopsController#create'
Completed 500 Internal Server Error in 443ms (ActiveRecord: 5.9ms (1 query, 0 cached) | GC: 0.0ms)


  
ActiveRecord::StatementInvalid (SQLite3::SQLException: no such column: shops.identifier:
SELECT "shops".* FROM "shops" WHERE "shops"."identifier" = '001' LIMIT 1 /*action='create',application='ProjecttwoShoppingcart',controller='shops'*/
                                    ^)
Caused by: SQLite3::SQLException (no such column: shops.identifier:
SELECT "shops".* FROM "shops" WHERE "shops"."identifier" = '001' LIMIT 1 /*action='create',application='ProjecttwoShoppingcart',controller='shops'*/
                                    ^)

Information for: ActiveRecord::StatementInvalid (SQLite3::SQLException: no such column: shops.identifier:
SELECT "shops".* FROM "shops" WHERE "shops"."identifier" = '001' LIMIT 1 /*action='create',application='ProjecttwoShoppingcart',controller='shops'*/
                                    ^):
  

Information for cause: SQLite3::SQLException (no such column: shops.identifier:
SELECT "shops".* FROM "shops" WHERE "shops"."identifier" = '001' LIMIT 1 /*action='create',application='ProjecttwoShoppingcart',controller='shops'*/
                                    ^):
  
app/controllers/shops_controller.rb:46:in 'ShopsController#create'
Started GET "/shops/001/new" for 127.0.0.1 at 2025-05-13 15:26:03 -0500
  
ActionController::RoutingError (No route matches [GET] "/shops/001/new"):
  
Started GET "/shops" for 127.0.0.1 at 2025-05-13 15:26:07 -0500
Processing by ShopsController#index as HTML
  [1m[36mShop Load (2.3ms)[0m  [1m[34mSELECT "shops".* FROM "shops" /*action='index',application='ProjecttwoShoppingcart',controller='shops'*/[0m
  â†³ app/controllers/shops_controller.rb:10:in 'ShopsController#index'
  Rendering layout layouts/application.html.erb
  Rendering shops/index.html.erb within layouts/application
  Rendered shops/index.html.erb within layouts/application (Duration: 3.3ms | GC: 0.5ms)
  Rendered layout layouts/application.html.erb (Duration: 84.8ms | GC: 22.7ms)
Completed 404 Not Found in 228ms (Views: 100.3ms | ActiveRecord: 2.3ms (1 query, 0 cached) | GC: 25.7ms)


Started GET "/assets/application-8b441ae0.css" for 127.0.0.1 at 2025-05-13 15:26:07 -0500
Started GET "/assets/application-bfcdf840.js" for 127.0.0.1 at 2025-05-13 15:26:07 -0500
Started GET "/assets/controllers/application-3affb389.js" for 127.0.0.1 at 2025-05-13 15:26:07 -0500
Started GET "/assets/turbo.min-fae85750.js" for 127.0.0.1 at 2025-05-13 15:26:07 -0500
Started GET "/assets/controllers/index-ee64e1f1.js" for 127.0.0.1 at 2025-05-13 15:26:07 -0500
Started GET "/assets/stimulus.min-4b1e420e.js" for 127.0.0.1 at 2025-05-13 15:26:08 -0500
Started GET "/assets/controllers/hello_controller-708796bd.js" for 127.0.0.1 at 2025-05-13 15:26:08 -0500
Started GET "/assets/stimulus-loading-1fc53fe7.js" for 127.0.0.1 at 2025-05-13 15:26:08 -0500
Started GET "/shops/001" for 127.0.0.1 at 2025-05-13 15:26:13 -0500
Processing by ShopsController#load as HTML
  Parameters: {"id" => "001"}
  [1m[36mShop Load (0.8ms)[0m  [1m[34mSELECT "shops".* FROM "shops" WHERE "shops"."identifier" = '001' LIMIT 1 /*action='load',application='ProjecttwoShoppingcart',controller='shops'*/[0m
  â†³ app/controllers/shops_controller.rb:24:in 'ShopsController#load'
Completed 500 Internal Server Error in 124ms (ActiveRecord: 0.8ms (1 query, 0 cached) | GC: 0.9ms)


  
ActiveRecord::StatementInvalid (SQLite3::SQLException: no such column: shops.identifier:
SELECT "shops".* FROM "shops" WHERE "shops"."identifier" = '001' LIMIT 1 /*action='load',application='ProjecttwoShoppingcart',controller='shops'*/
                                    ^)
Caused by: SQLite3::SQLException (no such column: shops.identifier:
SELECT "shops".* FROM "shops" WHERE "shops"."identifier" = '001' LIMIT 1 /*action='load',application='ProjecttwoShoppingcart',controller='shops'*/
                                    ^)

Information for: ActiveRecord::StatementInvalid (SQLite3::SQLException: no such column: shops.identifier:
SELECT "shops".* FROM "shops" WHERE "shops"."identifier" = '001' LIMIT 1 /*action='load',application='ProjecttwoShoppingcart',controller='shops'*/
                                    ^):
  

Information for cause: SQLite3::SQLException (no such column: shops.identifier:
SELECT "shops".* FROM "shops" WHERE "shops"."identifier" = '001' LIMIT 1 /*action='load',application='ProjecttwoShoppingcart',controller='shops'*/
                                    ^):
  
app/controllers/shops_controller.rb:24:in 'ShopsController#load'
  [1m[36mActiveRecord::InternalMetadata Load (2.4ms)[0m  [1m[34mSELECT * FROM "ar_internal_metadata" WHERE "ar_internal_metadata"."key" = 'environment' ORDER BY "ar_internal_metadata"."key" ASC LIMIT 1 /*application='ProjecttwoShoppingcart'*/[0m
  [1m[36mActiveRecord::SchemaMigration Load (0.1ms)[0m  [1m[34mSELECT "schema_migrations"."version" FROM "schema_migrations" ORDER BY "schema_migrations"."version" ASC /*application='ProjecttwoShoppingcart'*/[0m
Migrating to AddShopIdToShops (20250513203208)
  [1m[36mTRANSACTION (0.1ms)[0m  [1m[35mBEGIN immediate TRANSACTION /*application='ProjecttwoShoppingcart'*/[0m
  [1m[35m (8.6ms)[0m  [1m[35mALTER TABLE "shops" ADD "identifier" varchar /*application='ProjecttwoShoppingcart'*/[0m
  [1m[36mActiveRecord::SchemaMigration Create (2.3ms)[0m  [1m[32mINSERT INTO "schema_migrations" ("version") VALUES ('20250513203208') RETURNING "version" /*application='ProjecttwoShoppingcart'*/[0m
  [1m[36mTRANSACTION (2.4ms)[0m  [1m[35mCOMMIT TRANSACTION /*application='ProjecttwoShoppingcart'*/[0m
  [1m[36mActiveRecord::SchemaMigration Load (0.1ms)[0m  [1m[34mSELECT "schema_migrations"."version" FROM "schema_migrations" ORDER BY "schema_migrations"."version" ASC /*application='ProjecttwoShoppingcart'*/[0m
Started GET "/shops" for 127.0.0.1 at 2025-05-13 15:32:28 -0500
  [1m[36mActiveRecord::SchemaMigration Load (0.3ms)[0m  [1m[34mSELECT "schema_migrations"."version" FROM "schema_migrations" ORDER BY "schema_migrations"."version" ASC /*application='ProjecttwoShoppingcart'*/[0m
Processing by ShopsController#index as HTML
  [1m[36mShop Load (3.8ms)[0m  [1m[34mSELECT "shops".* FROM "shops" /*action='index',application='ProjecttwoShoppingcart',controller='shops'*/[0m
  â†³ app/controllers/shops_controller.rb:10:in 'ShopsController#index'
  Rendering layout layouts/application.html.erb
  Rendering shops/index.html.erb within layouts/application
  Rendered shops/index.html.erb within layouts/application (Duration: 0.6ms | GC: 0.0ms)
  Rendered layout layouts/application.html.erb (Duration: 76.3ms | GC: 0.0ms)
Completed 404 Not Found in 504ms (Views: 146.0ms | ActiveRecord: 3.9ms (1 query, 0 cached) | GC: 0.0ms)


Started POST "/shops/001/new" for 127.0.0.1 at 2025-05-13 15:32:34 -0500
Processing by ShopsController#create as */*
  Parameters: {"id" => "001"}
  [1m[36mShop Load (0.2ms)[0m  [1m[34mSELECT "shops".* FROM "shops" WHERE "shops"."identifier" = '001' LIMIT 1 /*action='create',application='ProjecttwoShoppingcart',controller='shops'*/[0m
  â†³ app/controllers/shops_controller.rb:46:in 'ShopsController#create'
  [1m[36mTRANSACTION (0.1ms)[0m  [1m[35mBEGIN immediate TRANSACTION /*action='create',application='ProjecttwoShoppingcart',controller='shops'*/[0m
  â†³ app/controllers/shops_controller.rb:46:in 'ShopsController#create'
  [1m[36mShop Create (0.4ms)[0m  [1m[32mINSERT INTO "shops" ("name", "location", "created_at", "updated_at", "identifier") VALUES (NULL, NULL, '2025-05-13 20:32:34.347425', '2025-05-13 20:32:34.347425', '001') RETURNING "id" /*action='create',application='ProjecttwoShoppingcart',controller='shops'*/[0m
  â†³ app/controllers/shops_controller.rb:46:in 'ShopsController#create'
  [1m[36mTRANSACTION (2.3ms)[0m  [1m[35mCOMMIT TRANSACTION /*action='create',application='ProjecttwoShoppingcart',controller='shops'*/[0m
  â†³ app/controllers/shops_controller.rb:46:in 'ShopsController#create'
Completed 500 Internal Server Error in 166ms (ActiveRecord: 5.6ms (2 queries, 0 cached) | GC: 0.0ms)


  
NameError (undefined local variable or method 'sites_path' for an instance of ShopsController):
  
app/controllers/shops_controller.rb:54:in 'block (2 levels) in ShopsController#create'
app/controllers/shops_controller.rb:53:in 'ShopsController#create'
Started POST "/shops/shop001/new" for 127.0.0.1 at 2025-05-13 15:33:00 -0500
Processing by ShopsController#create as */*
  Parameters: {"id" => "shop001"}
  [1m[36mShop Load (0.2ms)[0m  [1m[34mSELECT "shops".* FROM "shops" WHERE "shops"."identifier" = 'shop001' LIMIT 1 /*action='create',application='ProjecttwoShoppingcart',controller='shops'*/[0m
  â†³ app/controllers/shops_controller.rb:46:in 'ShopsController#create'
  [1m[36mTRANSACTION (0.1ms)[0m  [1m[35mBEGIN immediate TRANSACTION /*action='create',application='ProjecttwoShoppingcart',controller='shops'*/[0m
  â†³ app/controllers/shops_controller.rb:46:in 'ShopsController#create'
  [1m[36mShop Create (2.1ms)[0m  [1m[32mINSERT INTO "shops" ("name", "location", "created_at", "updated_at", "identifier") VALUES (NULL, NULL, '2025-05-13 20:33:00.794979', '2025-05-13 20:33:00.794979', 'shop001') RETURNING "id" /*action='create',application='ProjecttwoShoppingcart',controller='shops'*/[0m
  â†³ app/controllers/shops_controller.rb:46:in 'ShopsController#create'
  [1m[36mTRANSACTION (2.1ms)[0m  [1m[35mCOMMIT TRANSACTION /*action='create',application='ProjecttwoShoppingcart',controller='shops'*/[0m
  â†³ app/controllers/shops_controller.rb:46:in 'ShopsController#create'
Completed 500 Internal Server Error in 134ms (ActiveRecord: 4.4ms (2 queries, 0 cached) | GC: 0.9ms)


  
NameError (undefined local variable or method 'sites_path' for an instance of ShopsController):
  
app/controllers/shops_controller.rb:54:in 'block (2 levels) in ShopsController#create'
app/controllers/shops_controller.rb:53:in 'ShopsController#create'
Started POST "/shops/shop001/new" for 127.0.0.1 at 2025-05-13 15:37:56 -0500
  [1m[36mActiveRecord::SchemaMigration Load (0.2ms)[0m  [1m[34mSELECT "schema_migrations"."version" FROM "schema_migrations" ORDER BY "schema_migrations"."version" ASC /*application='ProjecttwoShoppingcart'*/[0m
Processing by ShopsController#create as */*
  Parameters: {"id" => "shop001"}
  [1m[36mShop Load (0.2ms)[0m  [1m[34mSELECT "shops".* FROM "shops" WHERE "shops"."identifier" = 'shop001' LIMIT 1 /*action='create',application='ProjecttwoShoppingcart',controller='shops'*/[0m
  â†³ app/controllers/shops_controller.rb:46:in 'ShopsController#create'
Redirected to http://localhost:3000/shops
Completed 302 Found in 373ms (ActiveRecord: 2.5ms (1 query, 0 cached) | GC: 0.0ms)


Started GET "/shops" for 127.0.0.1 at 2025-05-13 15:38:02 -0500
Processing by ShopsController#index as HTML
  [1m[36mShop Load (0.2ms)[0m  [1m[34mSELECT "shops".* FROM "shops" /*action='index',application='ProjecttwoShoppingcart',controller='shops'*/[0m
  â†³ app/controllers/shops_controller.rb:10:in 'ShopsController#index'
  Rendering layout layouts/application.html.erb
  Rendering shops/index.html.erb within layouts/application
  Rendered shops/index.html.erb within layouts/application (Duration: 1.3ms | GC: 0.0ms)
  Rendered layout layouts/application.html.erb (Duration: 66.9ms | GC: 0.0ms)
Completed 200 OK in 285ms (Views: 87.5ms | ActiveRecord: 0.2ms (1 query, 0 cached) | GC: 0.0ms)


Started GET "/shops/001" for 127.0.0.1 at 2025-05-13 15:38:06 -0500
Processing by ShopsController#load as HTML
  Parameters: {"id" => "001"}
  [1m[36mShop Load (0.2ms)[0m  [1m[34mSELECT "shops".* FROM "shops" WHERE "shops"."identifier" = '001' LIMIT 1 /*action='load',application='ProjecttwoShoppingcart',controller='shops'*/[0m
  â†³ app/controllers/shops_controller.rb:24:in 'ShopsController#load'
Completed 404 Not Found in 149ms (ActiveRecord: 0.1ms (1 query, 0 cached) | GC: 0.0ms)


Started GET "/shops/shop001" for 127.0.0.1 at 2025-05-13 15:38:09 -0500
Processing by ShopsController#load as HTML
  Parameters: {"id" => "shop001"}
  [1m[36mShop Load (0.2ms)[0m  [1m[34mSELECT "shops".* FROM "shops" WHERE "shops"."identifier" = 'shop001' LIMIT 1 /*action='load',application='ProjecttwoShoppingcart',controller='shops'*/[0m
  â†³ app/controllers/shops_controller.rb:24:in 'ShopsController#load'
Completed 404 Not Found in 132ms (ActiveRecord: 0.2ms (1 query, 0 cached) | GC: 0.0ms)


Started POST "/shops/shop002/new" for 127.0.0.1 at 2025-05-13 15:38:41 -0500
Processing by ShopsController#create as */*
  Parameters: {"id" => "shop002"}
  [1m[36mShop Load (0.1ms)[0m  [1m[34mSELECT "shops".* FROM "shops" WHERE "shops"."identifier" = 'shop002' LIMIT 1 /*action='create',application='ProjecttwoShoppingcart',controller='shops'*/[0m
  â†³ app/controllers/shops_controller.rb:46:in 'ShopsController#create'
  [1m[36mTRANSACTION (0.1ms)[0m  [1m[35mBEGIN immediate TRANSACTION /*action='create',application='ProjecttwoShoppingcart',controller='shops'*/[0m
  â†³ app/controllers/shops_controller.rb:46:in 'ShopsController#create'
  [1m[36mShop Create (5.5ms)[0m  [1m[32mINSERT INTO "shops" ("name", "location", "created_at", "updated_at", "identifier") VALUES (NULL, NULL, '2025-05-13 20:38:41.235161', '2025-05-13 20:38:41.235161', 'shop002') RETURNING "id" /*action='create',application='ProjecttwoShoppingcart',controller='shops'*/[0m
  â†³ app/controllers/shops_controller.rb:46:in 'ShopsController#create'
  [1m[36mTRANSACTION (9.5ms)[0m  [1m[35mCOMMIT TRANSACTION /*action='create',application='ProjecttwoShoppingcart',controller='shops'*/[0m
  â†³ app/controllers/shops_controller.rb:46:in 'ShopsController#create'
Redirected to http://localhost:3000/shops
Completed 302 Found in 154ms (ActiveRecord: 15.2ms (2 queries, 0 cached) | GC: 0.0ms)


Started GET "/shops" for 127.0.0.1 at 2025-05-13 15:40:48 -0500
  [1m[36mActiveRecord::SchemaMigration Load (2.7ms)[0m  [1m[34mSELECT "schema_migrations"."version" FROM "schema_migrations" ORDER BY "schema_migrations"."version" ASC /*application='ProjecttwoShoppingcart'*/[0m
Processing by ShopsController#index as HTML
  [1m[36mShop Load (5.5ms)[0m  [1m[34mSELECT "shops".* FROM "shops" /*action='index',application='ProjecttwoShoppingcart',controller='shops'*/[0m
  â†³ app/controllers/shops_controller.rb:10:in 'ShopsController#index'
  Rendering layout layouts/application.html.erb
  Rendering shops/index.html.erb within layouts/application
  Rendered shops/index.html.erb within layouts/application (Duration: 4.8ms | GC: 0.0ms)
  Rendered layout layouts/application.html.erb (Duration: 5.2ms | GC: 0.0ms)
Completed 500 Internal Server Error in 449ms (ActiveRecord: 7.0ms (1 query, 0 cached) | GC: 0.0ms)


  
ActionView::Template::Error (undefined local variable or method 'site' for an instance of #<Class:0x00000001063af820>)
Caused by: NameError (undefined local variable or method 'site' for an instance of #<Class:0x00000001063af820>)

Information for: ActionView::Template::Error (undefined local variable or method 'site' for an instance of #<Class:0x00000001063af820>):
     5:     </tr>
     6:     <% @shops.each do |shop| %>
     7:         <tr>
     8:             <td><%= site.identifier %></td>
     9:         <tr>
    10:     <% end %>
    11: </table>
  
app/views/shops/index.html.erb:8
app/views/shops/index.html.erb:6

Information for cause: NameError (undefined local variable or method 'site' for an instance of #<Class:0x00000001063af820>):
  
app/views/shops/index.html.erb:8
app/views/shops/index.html.erb:6
Started GET "/shops" for 127.0.0.1 at 2025-05-13 15:41:10 -0500
  [1m[36mActiveRecord::SchemaMigration Load (2.9ms)[0m  [1m[34mSELECT "schema_migrations"."version" FROM "schema_migrations" ORDER BY "schema_migrations"."version" ASC /*application='ProjecttwoShoppingcart'*/[0m
Processing by ShopsController#index as HTML
  [1m[36mShop Load (6.5ms)[0m  [1m[34mSELECT "shops".* FROM "shops" /*action='index',application='ProjecttwoShoppingcart',controller='shops'*/[0m
  â†³ app/controllers/shops_controller.rb:10:in 'ShopsController#index'
  Rendering layout layouts/application.html.erb
  Rendering shops/index.html.erb within layouts/application
  Rendered shops/index.html.erb within layouts/application (Duration: 3.2ms | GC: 0.0ms)
  Rendered layout layouts/application.html.erb (Duration: 77.0ms | GC: 0.0ms)
Completed 200 OK in 548ms (Views: 117.8ms | ActiveRecord: 7.3ms (1 query, 0 cached) | GC: 0.0ms)


Started GET "/shops" for 127.0.0.1 at 2025-05-13 15:42:29 -0500
  [1m[36mActiveRecord::SchemaMigration Load (0.3ms)[0m  [1m[34mSELECT "schema_migrations"."version" FROM "schema_migrations" ORDER BY "schema_migrations"."version" ASC /*application='ProjecttwoShoppingcart'*/[0m
Processing by ShopsController#index as HTML
  [1m[36mShop Load (1.5ms)[0m  [1m[34mSELECT "shops".* FROM "shops" /*action='index',application='ProjecttwoShoppingcart',controller='shops'*/[0m
  â†³ app/controllers/shops_controller.rb:10:in 'ShopsController#index'
  Rendering layout layouts/application.html.erb
  Rendering shops/index.html.erb within layouts/application
  Rendered shops/index.html.erb within layouts/application (Duration: 0.7ms | GC: 0.0ms)
  Rendered layout layouts/application.html.erb (Duration: 85.4ms | GC: 0.0ms)
Completed 200 OK in 506ms (Views: 106.7ms | ActiveRecord: 2.3ms (1 query, 0 cached) | GC: 0.0ms)


Started GET "/shops/001" for 127.0.0.1 at 2025-05-13 15:42:32 -0500
Processing by ShopsController#load as HTML
  Parameters: {"id" => "001"}
  [1m[36mShop Load (0.2ms)[0m  [1m[34mSELECT "shops".* FROM "shops" WHERE "shops"."identifier" = '001' LIMIT 1 /*action='load',application='ProjecttwoShoppingcart',controller='shops'*/[0m
  â†³ app/controllers/shops_controller.rb:24:in 'ShopsController#load'
Completed 404 Not Found in 116ms (ActiveRecord: 0.1ms (1 query, 0 cached) | GC: 0.0ms)


Started GET "/shops/shop001" for 127.0.0.1 at 2025-05-13 15:42:35 -0500
Processing by ShopsController#load as HTML
  Parameters: {"id" => "shop001"}
  [1m[36mShop Load (0.1ms)[0m  [1m[34mSELECT "shops".* FROM "shops" WHERE "shops"."identifier" = 'shop001' LIMIT 1 /*action='load',application='ProjecttwoShoppingcart',controller='shops'*/[0m
  â†³ app/controllers/shops_controller.rb:24:in 'ShopsController#load'
Completed 404 Not Found in 111ms (ActiveRecord: 0.1ms (1 query, 0 cached) | GC: 0.0ms)


Started GET "/shops" for 127.0.0.1 at 2025-05-13 15:43:36 -0500
  [1m[36mActiveRecord::SchemaMigration Load (0.2ms)[0m  [1m[34mSELECT "schema_migrations"."version" FROM "schema_migrations" ORDER BY "schema_migrations"."version" ASC /*application='ProjecttwoShoppingcart'*/[0m
Processing by ShopsController#index as HTML
  [1m[36mShop Load (1.4ms)[0m  [1m[34mSELECT "shops".* FROM "shops" /*action='index',application='ProjecttwoShoppingcart',controller='shops'*/[0m
  â†³ app/controllers/shops_controller.rb:10:in 'ShopsController#index'
  Rendering layout layouts/application.html.erb
  Rendering shops/index.html.erb within layouts/application
  Rendered shops/index.html.erb within layouts/application (Duration: 1.0ms | GC: 0.0ms)
  Rendered layout layouts/application.html.erb (Duration: 79.8ms | GC: 0.0ms)
Completed 200 OK in 515ms (Views: 99.7ms | ActiveRecord: 2.1ms (1 query, 0 cached) | GC: 0.0ms)


Started GET "/shops/001" for 127.0.0.1 at 2025-05-13 15:43:39 -0500
Processing by ShopsController#load as HTML
  Parameters: {"id" => "001"}
  [1m[36mShop Load (0.2ms)[0m  [1m[34mSELECT "shops".* FROM "shops" WHERE "shops"."identifier" = '001' LIMIT 1 /*action='load',application='ProjecttwoShoppingcart',controller='shops'*/[0m
  â†³ app/controllers/shops_controller.rb:24:in 'ShopsController#load'
  Rendering layout layouts/application.html.erb
  Rendering shops/show.html.erb within layouts/application
  Rendered shops/show.html.erb within layouts/application (Duration: 0.7ms | GC: 0.0ms)
  Rendered layout layouts/application.html.erb (Duration: 2.3ms | GC: 0.0ms)
Completed 200 OK in 120ms (Views: 8.6ms | ActiveRecord: 0.1ms (1 query, 0 cached) | GC: 0.0ms)


Started GET "/shops/shop001" for 127.0.0.1 at 2025-05-13 15:43:42 -0500
Processing by ShopsController#load as HTML
  Parameters: {"id" => "shop001"}
  [1m[36mShop Load (0.2ms)[0m  [1m[34mSELECT "shops".* FROM "shops" WHERE "shops"."identifier" = 'shop001' LIMIT 1 /*action='load',application='ProjecttwoShoppingcart',controller='shops'*/[0m
  â†³ app/controllers/shops_controller.rb:24:in 'ShopsController#load'
  Rendering layout layouts/application.html.erb
  Rendering shops/show.html.erb within layouts/application
  Rendered shops/show.html.erb within layouts/application (Duration: 0.1ms | GC: 0.0ms)
  Rendered layout layouts/application.html.erb (Duration: 1.3ms | GC: 0.0ms)
Completed 200 OK in 124ms (Views: 1.8ms | ActiveRecord: 0.2ms (1 query, 0 cached) | GC: 0.0ms)


